<?xml version="1.0" encoding="UTF-8"?>
<testng-results ignored="0" total="1" passed="1" failed="0" skipped="0">
  <reporter-output>
  </reporter-output>
  <suite started-at="2021-01-09T13:46:10 EST" name="Default suite" finished-at="2021-01-09T13:46:24 EST" duration-ms="14719">
    <groups>
    </groups>
    <test started-at="2021-01-09T13:46:10 EST" name="Default test" finished-at="2021-01-09T13:46:24 EST" duration-ms="14719">
      <class name="KhaledMahmud.Senario2">
        <test-method is-config="true" signature="base()[pri:0, instance:KhaledMahmud.Senario2@1fb700ee]" started-at="2021-01-09T13:46:10 EST" name="base" finished-at="2021-01-09T13:46:23 EST" duration-ms="13282" status="PASS">
          <reporter-output>
          </reporter-output>
        </test-method> <!-- base -->
        <test-method signature="my_Test()[pri:0, instance:KhaledMahmud.Senario2@1fb700ee]" started-at="2021-01-09T13:46:23 EST" name="my_Test" finished-at="2021-01-09T13:46:24 EST" duration-ms="460" status="PASS">
          <reporter-output>
          </reporter-output>
        </test-method> <!-- my_Test -->
        <test-method is-config="true" signature="exit()[pri:0, instance:KhaledMahmud.Senario2@1fb700ee]" started-at="2021-01-09T13:46:24 EST" name="exit" finished-at="2021-01-09T13:46:24 EST" duration-ms="899" status="PASS">
          <reporter-output>
          </reporter-output>
        </test-method> <!-- exit -->
      </class> <!-- KhaledMahmud.Senario2 -->
    </test> <!-- Default test -->
  </suite> <!-- Default suite -->
</testng-results>
